#
# There is insufficient memory for the Java Runtime Environment to continue.
# Native memory allocation (malloc) failed to allocate 32744 bytes for ChunkPool::allocate
# Possible reasons:
#   The system is out of physical RAM or swap space
#   The process is running with CompressedOops enabled, and the Java Heap may be blocking the growth of the native heap
# Possible solutions:
#   Reduce memory load on the system
#   Increase physical memory or swap space
#   Check if swap backing store is full
#   Decrease Java heap size (-Xmx/-Xms)
#   Decrease number of Java threads
#   Decrease Java thread stack sizes (-Xss)
#   Set larger code cache with -XX:ReservedCodeCacheSize=
#   JVM is running with Unscaled Compressed Oops mode in which the Java heap is
#     placed in the first 4GB address space. The Java Heap base address is the
#     maximum limit for the native heap growth. Please use -XX:HeapBaseMinAddress
#     to set the Java Heap base and to place the Java Heap above 4GB virtual address.
# This output file may be truncated or incomplete.
#
#  Out of Memory Error (allocation.cpp:272), pid=904, tid=0x00000000000002f8
#
# JRE version: OpenJDK Runtime Environment (8.0_212-b04) (build 1.8.0_212-release-1586-b04)
# Java VM: OpenJDK 64-Bit Server VM (25.212-b04 mixed mode windows-amd64 compressed oops)
# Failed to write core dump. Minidumps are not enabled by default on client versions of Windows
#

---------------  T H R E A D  ---------------

Current thread (0x00000000168f8800):  JavaThread "C2 CompilerThread0" daemon [_thread_in_native, id=760, stack(0x0000000017f40000,0x0000000018040000)]

Stack: [0x0000000017f40000,0x0000000018040000]
[error occurred during error reporting (printing stack bounds), id 0xc0000005]

Native frames: (J=compiled Java code, j=interpreted, Vv=VM code, C=native code)


Current CompileTask:
C2:5207311 29618 %     4       com.android.tools.r8.B.a.a.f::a @ 1772 (3659 bytes)


---------------  P R O C E S S  ---------------

Java Threads: ( => current thread )
  0x000000002945f800 JavaThread "WorkerExecutor Queue Thread 6" [_thread_blocked, id=1696, stack(0x0000000036370000,0x0000000036470000)]
  0x000000001a71b800 JavaThread "ForkJoinPool.commonPool-worker-2" daemon [_thread_blocked, id=6140, stack(0x0000000036270000,0x0000000036370000)]
  0x000000001a722000 JavaThread "ForkJoinPool.commonPool-worker-1" daemon [_thread_blocked, id=432, stack(0x0000000036170000,0x0000000036270000)]
  0x000000001a721800 JavaThread "ForkJoinPool.commonPool-worker-0" daemon [_thread_blocked, id=1412, stack(0x0000000036070000,0x0000000036170000)]
  0x000000001a71e800 JavaThread "WorkerExecutor Queue Thread 5" [_thread_in_Java, id=5708, stack(0x000000002dcf0000,0x000000002ddf0000)]
  0x000000001d280000 JavaThread "Cache worker for Java compile cache (C:\Users\user\AndroidStudioProjects\StudentFileshareapp\.gradle\5.6.4\javaCompile)" [_thread_blocked, id=7036, stack(0x00000000263a0000,0x00000000264a0000)]
  0x000000001d28b800 JavaThread "stdout" [_thread_in_native, id=2036, stack(0x000000002d9b0000,0x000000002dab0000)]
  0x000000001d28a000 JavaThread "stderr" [_thread_in_native, id=6508, stack(0x000000002d680000,0x000000002d780000)]
  0x000000001d289000 JavaThread "stdout" [_thread_in_native, id=5528, stack(0x000000002d580000,0x000000002d680000)]
  0x000000001d281800 JavaThread "stderr" [_thread_in_native, id=6660, stack(0x000000002d480000,0x000000002d580000)]
  0x000000001d288800 JavaThread "stdout" [_thread_in_native, id=6056, stack(0x000000002cd80000,0x000000002ce80000)]
  0x000000001d281000 JavaThread "stderr" [_thread_in_native, id=3948, stack(0x000000002cc80000,0x000000002cd80000)]
  0x000000001d287800 JavaThread "pool-42-thread-1" [_thread_blocked, id=4828, stack(0x00000000264a0000,0x00000000265a0000)]
  0x000000001d27f800 JavaThread "WorkerExecutor Queue Thread 3" [_thread_blocked, id=2064, stack(0x00000000262a0000,0x00000000263a0000)]
  0x000000001d284000 JavaThread "WorkerExecutor Queue Thread 2" [_thread_in_native, id=5080, stack(0x0000000025fa0000,0x00000000260a0000)]
  0x0000000019b25000 JavaThread "WorkerExecutor Queue" [_thread_in_native, id=7032, stack(0x0000000025ea0000,0x0000000025fa0000)]
  0x0000000019b24800 JavaThread "Cache worker for execution history cache (C:\Users\user\AndroidStudioProjects\StudentFileshareapp\.gradle\5.6.4\executionHistory)" [_thread_blocked, id=5084, stack(0x0000000025da0000,0x0000000025ea0000)]
  0x0000000019b26800 JavaThread "Execution worker for ':' Thread 3" [_thread_blocked, id=5088, stack(0x0000000025ca0000,0x0000000025da0000)]
  0x0000000019b29800 JavaThread "Execution worker for ':' Thread 2" [_thread_blocked, id=5076, stack(0x0000000025ba0000,0x0000000025ca0000)]
  0x0000000019b26000 JavaThread "Execution worker for ':'" [_thread_blocked, id=4200, stack(0x0000000025aa0000,0x0000000025ba0000)]
  0x0000000019b23000 JavaThread "Cache worker for file content cache (C:\Users\user\AndroidStudioProjects\StudentFileshareapp\.gradle\5.6.4\fileContent)" [_thread_blocked, id=6540, stack(0x00000000257a0000,0x00000000258a0000)]
  0x0000000019b1b800 JavaThread "Cache worker for Build Output Cleanup Cache (C:\Users\user\AndroidStudioProjects\StudentFileshareapp\.gradle\buildOutputCleanup)" [_thread_blocked, id=888, stack(0x00000000253a0000,0x00000000254a0000)]
  0x0000000019b20800 JavaThread "Build operations Thread 4" [_thread_blocked, id=6960, stack(0x00000000252a0000,0x00000000253a0000)]
  0x0000000019b1f000 JavaThread "Build operations Thread 3" [_thread_blocked, id=2796, stack(0x0000000024210000,0x0000000024310000)]
  0x0000000019b1e800 JavaThread "Build operations Thread 2" [_thread_blocked, id=4080, stack(0x0000000022c10000,0x0000000022d10000)]
  0x000000001dfc3800 JavaThread "Build operations" [_thread_blocked, id=4548, stack(0x0000000021050000,0x0000000021150000)]
  0x000000001dfba800 JavaThread "Cache worker for cache directory md-rule (C:\Users\user\.gradle\caches\5.6.4\md-rule)" [_thread_blocked, id=2388, stack(0x0000000020b10000,0x0000000020c10000)]
  0x000000001dfc1800 JavaThread "Cache worker for cache directory md-supplier (C:\Users\user\.gradle\caches\5.6.4\md-supplier)" [_thread_blocked, id=4856, stack(0x000000001fe40000,0x000000001ff40000)]
  0x000000001dfc0000 JavaThread "Cache worker for file hash cache (C:\Users\user\AndroidStudioProjects\StudentFileshareapp\.gradle\5.6.4\fileHashes)" [_thread_blocked, id=6444, stack(0x000000001ecd0000,0x000000001edd0000)]
  0x000000001dfc0800 JavaThread "Thread-410" [_thread_blocked, id=6664, stack(0x000000001e9d0000,0x000000001ead0000)]
  0x000000001dfb8800 JavaThread "Stdin handler" [_thread_blocked, id=1448, stack(0x000000001c130000,0x000000001c230000)]
  0x000000001dfbf000 JavaThread "Asynchronous log dispatcher for DefaultDaemonConnection: socket connection from /127.0.0.1:56675 to /127.0.0.1:63987" [_thread_blocked, id=1628, stack(0x000000001be30000,0x000000001bf30000)]
  0x000000001dfb7000 JavaThread "Daemon worker Thread 15" [_thread_blocked, id=2808, stack(0x000000001bd30000,0x000000001be30000)]
  0x000000001dfb5800 JavaThread "Cancel handler" [_thread_blocked, id=1608, stack(0x000000001ba30000,0x000000001bb30000)]
  0x000000001dfb4800 JavaThread "Handler for socket connection from /127.0.0.1:56675 to /127.0.0.1:63987" [_thread_in_native, id=4284, stack(0x000000001b930000,0x000000001ba30000)]
  0x000000001dfbb800 JavaThread "Daemon Thread 15" [_thread_blocked, id=4716, stack(0x00000000013f0000,0x00000000014f0000)]
  0x000000001dfb6000 JavaThread "Cache worker for Java compile cache (C:\Users\user\.gradle\caches\5.6.4\javaCompile)" [_thread_blocked, id=7132, stack(0x00000000256a0000,0x00000000257a0000)]
  0x0000000019b20000 JavaThread "Cache worker for file content cache (C:\Users\user\.gradle\caches\5.6.4\fileContent)" [_thread_blocked, id=5112, stack(0x0000000024310000,0x0000000024410000)]
  0x000000001d284800 JavaThread "Memory manager" [_thread_blocked, id=5752, stack(0x0000000023910000,0x0000000023a10000)]
  0x000000001d27e800 JavaThread "Cache worker for execution history cache (C:\Users\user\.gradle\caches\5.6.4\executionHistory)" [_thread_blocked, id=2960, stack(0x0000000020610000,0x0000000020710000)]
  0x000000001a71f000 JavaThread "Cache worker for journal cache (C:\Users\user\.gradle\caches\journal-1)" [_thread_blocked, id=5808, stack(0x000000001c630000,0x000000001c730000)]
  0x000000001a71d000 JavaThread "File lock request listener" [_thread_in_native, id=5820, stack(0x000000001c530000,0x000000001c630000)]
  0x000000001a6be000 JavaThread "Cache worker for file hash cache (C:\Users\user\.gradle\caches\5.6.4\fileHashes)" [_thread_blocked, id=6936, stack(0x000000001c430000,0x000000001c530000)]
  0x0000000019aa4000 JavaThread "Daemon periodic checks" [_thread_blocked, id=1440, stack(0x000000001b830000,0x000000001b930000)]
  0x0000000019221000 JavaThread "Incoming local TCP Connector on port 56675" [_thread_in_native, id=4504, stack(0x000000001b650000,0x000000001b750000)]
  0x00000000193ee000 JavaThread "Daemon health stats" [_thread_blocked, id=5524, stack(0x000000001a010000,0x000000001a110000)]
  0x0000000018268800 JavaThread "Service Thread" daemon [_thread_blocked, id=3372, stack(0x0000000018640000,0x0000000018740000)]
  0x0000000016900000 JavaThread "C1 CompilerThread2" daemon [_thread_in_native, id=6416, stack(0x0000000018140000,0x0000000018240000)]
  0x00000000168fd000 JavaThread "C2 CompilerThread1" daemon [_thread_in_native, id=6088, stack(0x0000000018040000,0x0000000018140000)]
=>0x00000000168f8800 JavaThread "C2 CompilerThread0" daemon [_thread_in_native, id=760, stack(0x0000000017f40000,0x0000000018040000)]
  0x0000000016906000 JavaThread "Attach Listener" daemon [_thread_blocked, id=6432, stack(0x0000000017e40000,0x0000000017f40000)]
  0x0000000016904800 JavaThread "Signal Dispatcher" daemon [_thread_blocked, id=1824, stack(0x0000000017d40000,0x0000000017e40000)]
  0x0000000002f8b000 JavaThread "Finalizer" daemon [_thread_blocked, id=2900, stack(0x0000000017b60000,0x0000000017c60000)]
  0x00000000168e9000 JavaThread "Reference Handler" daemon [_thread_blocked, id=7092, stack(0x0000000017a60000,0x0000000017b60000)]
  0x0000000002e8d800 JavaThread "main" [_thread_blocked, id=3960, stack(0x0000000002cd0000,0x0000000002dd0000)]

Other Threads:
  0x00000000168c6000 VMThread [stack: 0x0000000017960000,0x0000000017a60000] [id=2472]
  0x000000001695e000 WatcherThread [stack: 0x0000000018740000,0x0000000018840000] [id=6688]

VM state:not at safepoint (normal execution)

VM Mutex/Monitor currently owned by a thread: None

OutOfMemory and StackOverflow Exception counts:
OutOfMemoryError java_heap_errors=1

heap address: 0x00000000a0000000, size: 1536 MB, Compressed Oops mode: 32-bit
Narrow klass base: 0x0000000000000000, Narrow klass shift: 3
Compressed class space size: 1073741824 Address: 0x0000000100000000

Heap:
 PSYoungGen      total 381952K, used 368435K [0x00000000e0000000, 0x00000000fe580000, 0x0000000100000000)
  eden space 339456K, 96% used [0x00000000e0000000,0x00000000f3eb1ab0,0x00000000f4b80000)
  from space 42496K, 99% used [0x00000000f5900000,0x00000000f821b340,0x00000000f8280000)
  to   space 78848K, 0% used [0x00000000f9880000,0x00000000f9880000,0x00000000fe580000)
 ParOldGen       total 298496K, used 171648K [0x00000000a0000000, 0x00000000b2380000, 0x00000000e0000000)
  object space 298496K, 57% used [0x00000000a0000000,0x00000000aa7a03b0,0x00000000b2380000)
 Metaspace       used 113943K, capacity 122600K, committed 122816K, reserved 1157120K
  class space    used 14391K, capacity 16045K, committed 16128K, reserved 1048576K

Card table byte_map: [0x0000000012350000,0x0000000012660000] byte_map_base: 0x0000000011e50000

Marking Bits: (ParMarkBitMap*) 0x00000000774e9f30
 Begin Bits: [0x0000000012c60000, 0x0000000014460000)
 End Bits:   [0x0000000014460000, 0x0000000015c60000)

Polling page: 0x0000000002c90000

CodeCache: size=245760Kb used=74480Kb max_used=76776Kb free=171279Kb
 bounds [0x0000000002f90000, 0x0000000007b20000, 0x0000000011f90000]
 total_blobs=22932 nmethods=21992 adapters=851
 compilation: enabled

Compilation events (10 events):
Event: 5205.536 Thread 0x0000000016900000 nmethod 29626 0x00000000040d4890 code [0x00000000040d4a40, 0x00000000040d4e28]
Event: 5205.538 Thread 0x0000000016900000 29629       2       com.android.tools.r8.u.c.o::a (270 bytes)
Event: 5205.541 Thread 0x0000000016900000 nmethod 29629 0x0000000004e53090 code [0x0000000004e53360, 0x0000000004e53e48]
Event: 5205.541 Thread 0x0000000016900000 29632       2       com.android.tools.r8.u.c.M::a (737 bytes)
Event: 5205.546 Thread 0x0000000016900000 nmethod 29632 0x00000000068117d0 code [0x0000000006811c80, 0x00000000068138d8]
Event: 5205.546 Thread 0x0000000016900000 29630       2       com.android.tools.r8.u.c.o::a (73 bytes)
Event: 5205.547 Thread 0x0000000016900000 nmethod 29630 0x00000000040d4410 code [0x00000000040d4580, 0x00000000040d4788]
Event: 5205.547 Thread 0x0000000016900000 29640       2       com.android.tools.r8.graph.H::b (29 bytes)
Event: 5205.548 Thread 0x0000000016900000 nmethod 29640 0x0000000006811410 code [0x0000000006811580, 0x0000000006811728]
Event: 5205.553 Thread 0x0000000016900000 29641       2       com.android.tools.r8.u.c.J::a (1423 bytes)

GC Heap History (10 events):
Event: 3272.421 GC heap before
{Heap before GC invocations=38 (full 5):
 PSYoungGen      total 436736K, used 397317K [0x00000000e0000000, 0x00000000fff80000, 0x0000000100000000)
  eden space 348160K, 100% used [0x00000000e0000000,0x00000000f5400000,0x00000000f5400000)
  from space 88576K, 55% used [0x00000000fa900000,0x00000000fd901610,0x00000000fff80000)
  to   space 87040K, 0% used [0x00000000f5400000,0x00000000f5400000,0x00000000fa900000)
 ParOldGen       total 298496K, used 169338K [0x00000000a0000000, 0x00000000b2380000, 0x00000000e0000000)
  object space 298496K, 56% used [0x00000000a0000000,0x00000000aa55eb48,0x00000000b2380000)
 Metaspace       used 109572K, capacity 116132K, committed 116288K, reserved 1150976K
  class space    used 13888K, capacity 15181K, committed 15232K, reserved 1048576K
Event: 3272.541 GC heap after
Heap after GC invocations=38 (full 5):
 PSYoungGen      total 398848K, used 50668K [0x00000000e0000000, 0x00000000ffb80000, 0x0000000100000000)
  eden space 348160K, 0% used [0x00000000e0000000,0x00000000e0000000,0x00000000f5400000)
  from space 50688K, 99% used [0x00000000f5400000,0x00000000f857b3b8,0x00000000f8580000)
  to   space 85504K, 0% used [0x00000000fa800000,0x00000000fa800000,0x00000000ffb80000)
 ParOldGen       total 298496K, used 169346K [0x00000000a0000000, 0x00000000b2380000, 0x00000000e0000000)
  object space 298496K, 56% used [0x00000000a0000000,0x00000000aa560b48,0x00000000b2380000)
 Metaspace       used 109572K, capacity 116132K, committed 116288K, reserved 1150976K
  class space    used 13888K, capacity 15181K, committed 15232K, reserved 1048576K
}
Event: 3842.846 GC heap before
{Heap before GC invocations=39 (full 5):
 PSYoungGen      total 398848K, used 398828K [0x00000000e0000000, 0x00000000ffb80000, 0x0000000100000000)
  eden space 348160K, 100% used [0x00000000e0000000,0x00000000f5400000,0x00000000f5400000)
  from space 50688K, 99% used [0x00000000f5400000,0x00000000f857b3b8,0x00000000f8580000)
  to   space 85504K, 0% used [0x00000000fa800000,0x00000000fa800000,0x00000000ffb80000)
 ParOldGen       total 298496K, used 169346K [0x00000000a0000000, 0x00000000b2380000, 0x00000000e0000000)
  object space 298496K, 56% used [0x00000000a0000000,0x00000000aa560b48,0x00000000b2380000)
 Metaspace       used 110044K, capacity 116734K, committed 116800K, reserved 1150976K
  class space    used 13914K, capacity 15226K, committed 15232K, reserved 1048576K
Event: 3842.935 GC heap after
Heap after GC invocations=39 (full 5):
 PSYoungGen      total 437248K, used 38067K [0x00000000e0000000, 0x00000000ffc80000, 0x0000000100000000)
  eden space 351744K, 0% used [0x00000000e0000000,0x00000000e0000000,0x00000000f5780000)
  from space 85504K, 44% used [0x00000000fa800000,0x00000000fcd2cf80,0x00000000ffb80000)
  to   space 82432K, 0% used [0x00000000f5780000,0x00000000f5780000,0x00000000fa800000)
 ParOldGen       total 298496K, used 169354K [0x00000000a0000000, 0x00000000b2380000, 0x00000000e0000000)
  object space 298496K, 56% used [0x00000000a0000000,0x00000000aa562b48,0x00000000b2380000)
 Metaspace       used 110044K, capacity 116734K, committed 116800K, reserved 1150976K
  class space    used 13914K, capacity 15226K, committed 15232K, reserved 1048576K
}
Event: 3904.691 GC heap before
{Heap before GC invocations=40 (full 5):
 PSYoungGen      total 437248K, used 389811K [0x00000000e0000000, 0x00000000ffc80000, 0x0000000100000000)
  eden space 351744K, 100% used [0x00000000e0000000,0x00000000f5780000,0x00000000f5780000)
  from space 85504K, 44% used [0x00000000fa800000,0x00000000fcd2cf80,0x00000000ffb80000)
  to   space 82432K, 0% used [0x00000000f5780000,0x00000000f5780000,0x00000000fa800000)
 ParOldGen       total 298496K, used 169354K [0x00000000a0000000, 0x00000000b2380000, 0x00000000e0000000)
  object space 298496K, 56% used [0x00000000a0000000,0x00000000aa562b48,0x00000000b2380000)
 Metaspace       used 110413K, capacity 117160K, committed 117440K, reserved 1150976K
  class space    used 13941K, capacity 15275K, committed 15360K, reserved 1048576K
Event: 3904.780 GC heap after
Heap after GC invocations=40 (full 5):
 PSYoungGen      total 434176K, used 41795K [0x00000000e0000000, 0x00000000ff600000, 0x0000000100000000)
  eden space 351744K, 0% used [0x00000000e0000000,0x00000000e0000000,0x00000000f5780000)
  from space 82432K, 50% used [0x00000000f5780000,0x00000000f8050e90,0x00000000fa800000)
  to   space 78848K, 0% used [0x00000000fa900000,0x00000000fa900000,0x00000000ff600000)
 ParOldGen       total 298496K, used 169362K [0x00000000a0000000, 0x00000000b2380000, 0x00000000e0000000)
  object space 298496K, 56% used [0x00000000a0000000,0x00000000aa564b48,0x00000000b2380000)
 Metaspace       used 110413K, capacity 117160K, committed 117440K, reserved 1150976K
  class space    used 13941K, capacity 15275K, committed 15360K, reserved 1048576K
}
Event: 4117.913 GC heap before
{Heap before GC invocations=41 (full 5):
 PSYoungGen      total 434176K, used 393539K [0x00000000e0000000, 0x00000000ff600000, 0x0000000100000000)
  eden space 351744K, 100% used [0x00000000e0000000,0x00000000f5780000,0x00000000f5780000)
  from space 82432K, 50% used [0x00000000f5780000,0x00000000f8050e90,0x00000000fa800000)
  to   space 78848K, 0% used [0x00000000fa900000,0x00000000fa900000,0x00000000ff600000)
 ParOldGen       total 298496K, used 169362K [0x00000000a0000000, 0x00000000b2380000, 0x00000000e0000000)
  object space 298496K, 56% used [0x00000000a0000000,0x00000000aa564b48,0x00000000b2380000)
 Metaspace       used 111831K, capacity 119776K, committed 119872K, reserved 1153024K
  class space    used 14153K, capacity 15667K, committed 15744K, reserved 1048576K
Event: 4118.057 GC heap after
Heap after GC invocations=41 (full 5):
 PSYoungGen      total 432128K, used 61567K [0x00000000e0000000, 0x00000000ffd00000, 0x0000000100000000)
  eden space 353280K, 0% used [0x00000000e0000000,0x00000000e0000000,0x00000000f5900000)
  from space 78848K, 78% used [0x00000000fa900000,0x00000000fe51fe68,0x00000000ff600000)
  to   space 81920K, 0% used [0x00000000f5900000,0x00000000f5900000,0x00000000fa900000)
 ParOldGen       total 298496K, used 169634K [0x00000000a0000000, 0x00000000b2380000, 0x00000000e0000000)
  object space 298496K, 56% used [0x00000000a0000000,0x00000000aa5a8b58,0x00000000b2380000)
 Metaspace       used 111831K, capacity 119776K, committed 119872K, reserved 1153024K
  class space    used 14153K, capacity 15667K, committed 15744K, reserved 1048576K
}
Event: 5173.681 GC heap before
{Heap before GC invocations=42 (full 5):
 PSYoungGen      total 432128K, used 414847K [0x00000000e0000000, 0x00000000ffd00000, 0x0000000100000000)
  eden space 353280K, 100% used [0x00000000e0000000,0x00000000f5900000,0x00000000f5900000)
  from space 78848K, 78% used [0x00000000fa900000,0x00000000fe51fe68,0x00000000ff600000)
  to   space 81920K, 0% used [0x00000000f5900000,0x00000000f5900000,0x00000000fa900000)
 ParOldGen       total 298496K, used 169634K [0x00000000a0000000, 0x00000000b2380000, 0x00000000e0000000)
  object space 298496K, 56% used [0x00000000a0000000,0x00000000aa5a8b58,0x00000000b2380000)
 Metaspace       used 113562K, capacity 122152K, committed 122176K, reserved 1155072K
  class space    used 14361K, capacity 15993K, committed 16000K, reserved 1048576K
Event: 5173.978 GC heap after
Heap after GC invocations=42 (full 5):
 PSYoungGen      total 381952K, used 42092K [0x00000000e0000000, 0x00000000fe580000, 0x0000000100000000)
  eden space 339456K, 0% used [0x00000000e0000000,0x00000000e0000000,0x00000000f4b80000)
  from space 42496K, 99% used [0x00000000f5900000,0x00000000f821b340,0x00000000f8280000)
  to   space 78848K, 0% used [0x00000000f9880000,0x00000000f9880000,0x00000000fe580000)
 ParOldGen       total 298496K, used 171648K [0x00000000a0000000, 0x00000000b2380000, 0x00000000e0000000)
  object space 298496K, 57% used [0x00000000a0000000,0x00000000aa7a03b0,0x00000000b2380000)
 Metaspace       used 113562K, capacity 122152K, committed 122176K, reserved 1155072K
  class space    used 14361K, capacity 15993K, committed 16000K, reserved 1048576K
}

Deoptimization events (10 events):
Event: 4557.958 Thread 0x0000000019b26000 Uncommon trap: reason=unstable_if action=reinterpret pc=0x0000000005372cb8 method=org.gradle.internal.remote.internal.inet.SocketConnection$SocketOutputStream.writeWithNonBlockingRetry()I @ 41
Event: 4557.961 Thread 0x0000000019b26000 Uncommon trap: reason=unstable_if action=reinterpret pc=0x0000000006453658 method=sun.nio.ch.IOUtil.writeFromNativeBuffer(Ljava/io/FileDescriptor;Ljava/nio/ByteBuffer;JLsun/nio/ch/NativeDispatcher;)I @ 121
Event: 5165.276 Thread 0x000000001dfb7000 Uncommon trap: reason=class_check action=maybe_recompile pc=0x00000000035fbc68 method=java.util.Collections$UnmodifiableMap$UnmodifiableEntrySet$UnmodifiableEntry.<init>(Ljava/util/Map$Entry;)V @ 9
Event: 5165.276 Thread 0x000000001dfb7000 Uncommon trap: reason=class_check action=maybe_recompile pc=0x00000000035fbc68 method=java.util.Collections$UnmodifiableMap$UnmodifiableEntrySet$UnmodifiableEntry.<init>(Ljava/util/Map$Entry;)V @ 9
Event: 5165.276 Thread 0x000000001dfb7000 Uncommon trap: reason=class_check action=maybe_recompile pc=0x00000000035fbc68 method=java.util.Collections$UnmodifiableMap$UnmodifiableEntrySet$UnmodifiableEntry.<init>(Ljava/util/Map$Entry;)V @ 9
Event: 5165.276 Thread 0x000000001dfb7000 Uncommon trap: reason=class_check action=maybe_recompile pc=0x00000000035fbc68 method=java.util.Collections$UnmodifiableMap$UnmodifiableEntrySet$UnmodifiableEntry.<init>(Ljava/util/Map$Entry;)V @ 9
Event: 5172.101 Thread 0x0000000019b29800 Uncommon trap: reason=unstable_if action=reinterpret pc=0x0000000004cdf16c method=com.google.common.collect.Iterables.elementsEqual(Ljava/lang/Iterable;Ljava/lang/Iterable;)Z @ 36
Event: 5179.716 Thread 0x0000000019b25000 Uncommon trap: reason=bimorphic action=maybe_recompile pc=0x00000000072026bc method=com.google.gson.stream.JsonWriter.string(Ljava/lang/String;)V @ 23
Event: 5196.744 Thread 0x0000000019b29800 Uncommon trap: reason=unstable_if action=reinterpret pc=0x0000000004594ff0 method=com.google.common.collect.Iterables.elementsEqual(Ljava/lang/Iterable;Ljava/lang/Iterable;)Z @ 36
Event: 5197.266 Thread 0x0000000019b29800 Uncommon trap: reason=unstable_if action=reinterpret pc=0x00000000063f496c method=org.gradle.internal.util.Alignment.align([Ljava/lang/Object;[Ljava/lang/Object;)Ljava/util/List; @ 222

Classes redefined (0 events):
No events

Internal exceptions (10 events):
Event: 4552.417 Thread 0x0000000019b1b800 Exception <a 'java/lang/ClassNotFoundException': org/jetbrains/plugins/gradle/tooling/util/SourceSetCachedFinder$2BeanInfo> (0x00000000e87c9248) thrown at [D:\src\AOSP-openjdk-cygwin\jdk8u\hotspot\src\share\vm\classfile\systemDictionary.cpp, line 210]
Event: 4552.419 Thread 0x0000000019b1b800 Exception <a 'java/lang/ClassNotFoundException': org/jetbrains/plugins/gradle/tooling/util/SourceSetCachedFinder$2Customizer> (0x00000000e87de040) thrown at [D:\src\AOSP-openjdk-cygwin\jdk8u\hotspot\src\share\vm\classfile\systemDictionary.cpp, line 210]
Event: 4552.438 Thread 0x0000000019b1b800 Exception <a 'java/lang/ClassNotFoundException': org/jetbrains/plugins/gradle/tooling/util/SourceSetCachedFinderBeanInfo> (0x00000000e881d2e8) thrown at [D:\src\AOSP-openjdk-cygwin\jdk8u\hotspot\src\share\vm\classfile\systemDictionary.cpp, line 210]
Event: 4552.439 Thread 0x0000000019b1b800 Exception <a 'java/lang/ClassNotFoundException': org/jetbrains/plugins/gradle/tooling/util/SourceSetCachedFinderCustomizer> (0x00000000e8831648) thrown at [D:\src\AOSP-openjdk-cygwin\jdk8u\hotspot\src\share\vm\classfile\systemDictionary.cpp, line 210]
Event: 4556.700 Thread 0x0000000019b1b800 Exception <a 'java/lang/ClassNotFoundException': org/jetbrains/plugins/gradle/tooling/util/JavaPluginUtilBeanInfo> (0x00000000e9748bf0) thrown at [D:\src\AOSP-openjdk-cygwin\jdk8u\hotspot\src\share\vm\classfile\systemDictionary.cpp, line 210]
Event: 4556.700 Thread 0x0000000019b1b800 Exception <a 'java/lang/ClassNotFoundException': org/jetbrains/plugins/gradle/tooling/util/JavaPluginUtilCustomizer> (0x00000000e975b970) thrown at [D:\src\AOSP-openjdk-cygwin\jdk8u\hotspot\src\share\vm\classfile\systemDictionary.cpp, line 210]
Event: 4557.955 Thread 0x0000000019b1b800 Exception <a 'sun/nio/fs/WindowsException'> (0x00000000eebef540) thrown at [D:\src\AOSP-openjdk-cygwin\jdk8u\hotspot\src\share\vm\prims\jni.cpp, line 710]
Event: 5196.159 Thread 0x000000001d27f800 Exception <a 'sun/nio/fs/WindowsException'> (0x00000000e52a9a80) thrown at [D:\src\AOSP-openjdk-cygwin\jdk8u\hotspot\src\share\vm\prims\jni.cpp, line 710]
Event: 5196.159 Thread 0x000000001d27f800 Exception <a 'sun/nio/fs/WindowsException'> (0x00000000e52a9f28) thrown at [D:\src\AOSP-openjdk-cygwin\jdk8u\hotspot\src\share\vm\prims\jni.cpp, line 710]
Event: 5205.546 Thread 0x0000000019b25000 Exception <a 'java/lang/OutOfMemoryError'> (0x00000000f1854ac8) thrown at [D:\src\AOSP-openjdk-cygwin\jdk8u\hotspot\src\share\vm\prims\unsafe.cpp, line 618]

Events (10 events):
Event: 5202.728 Thread 0x000000001a721800 Thread added: 0x000000001a721800
Event: 5202.729 Thread 0x000000001a722000 Thread added: 0x000000001a722000
Event: 5202.736 Thread 0x000000001a71b800 Thread added: 0x000000001a71b800
Event: 5202.736 Executing VM operation: RevokeBias
Event: 5202.740 Executing VM operation: RevokeBias done
Event: 5205.148 Executing VM operation: RevokeBias
Event: 5205.148 Executing VM operation: RevokeBias done
Event: 5205.189 Executing VM operation: RevokeBias
Event: 5205.190 Executing VM operation: RevokeBias done
Event: 5205.464 Thread 0x000000002945f800 Thread added: 0x000000002945f800


Dynamic libraries:
0x00007ff635130000 - 0x00007ff635161000 	C:\Program Files\Android\Android Studio\jre\bin\java.exe
0x00007ffb7afa0000 - 0x00007ffb7b162000 	C:\Windows\SYSTEM32\ntdll.dll
0x00007ffb786c0000 - 0x00007ffb7876d000 	C:\Windows\system32\KERNEL32.DLL
0x00007ffb78480000 - 0x00007ffb7865d000 	C:\Windows\system32\KERNELBASE.dll
0x00007ffb7aef0000 - 0x00007ffb7af96000 	C:\Windows\system32\ADVAPI32.dll
0x00007ffb78b20000 - 0x00007ffb78bbd000 	C:\Windows\system32\msvcrt.dll
0x00007ffb78660000 - 0x00007ffb786bb000 	C:\Windows\system32\sechost.dll
0x00007ffb78f70000 - 0x00007ffb79096000 	C:\Windows\system32\RPCRT4.dll
0x00007ffb78bc0000 - 0x00007ffb78d0e000 	C:\Windows\system32\USER32.dll
0x00007ffb7aa10000 - 0x00007ffb7ab93000 	C:\Windows\system32\GDI32.dll
0x00007ffb6a550000 - 0x00007ffb6a7c4000 	C:\Windows\WinSxS\amd64_microsoft.windows.common-controls_6595b64144ccf1df_6.0.10240.17184_none_f41d7a705752bce6\COMCTL32.dll
0x00007ffb78ae0000 - 0x00007ffb78b16000 	C:\Windows\system32\IMM32.DLL
0x00007ffb78770000 - 0x00007ffb788cc000 	C:\Windows\system32\MSCTF.dll
0x0000000076770000 - 0x0000000076842000 	C:\Program Files\Android\Android Studio\jre\jre\bin\msvcr100.dll
0x0000000076d20000 - 0x0000000077566000 	C:\Program Files\Android\Android Studio\jre\jre\bin\server\jvm.dll
0x00007ffb7a630000 - 0x00007ffb7a638000 	C:\Windows\system32\PSAPI.DLL
0x00007ffb6c980000 - 0x00007ffb6c98a000 	C:\Windows\SYSTEM32\VERSION.dll
0x00007ffb6f470000 - 0x00007ffb6f479000 	C:\Windows\SYSTEM32\WSOCK32.dll
0x00007ffb752c0000 - 0x00007ffb752e3000 	C:\Windows\SYSTEM32\WINMM.dll
0x00007ffb78ea0000 - 0x00007ffb78f09000 	C:\Windows\system32\WS2_32.dll
0x00007ffb7ad90000 - 0x00007ffb7ad98000 	C:\Windows\system32\NSI.dll
0x00007ffb75290000 - 0x00007ffb752bc000 	C:\Windows\SYSTEM32\WINMMBASE.dll
0x00007ffb77b20000 - 0x00007ffb77b64000 	C:\Windows\system32\cfgmgr32.dll
0x00007ffb76340000 - 0x00007ffb76367000 	C:\Windows\SYSTEM32\DEVOBJ.dll
0x00007ffb76070000 - 0x00007ffb7607f000 	C:\Program Files\Android\Android Studio\jre\jre\bin\verify.dll
0x00007ffb682f0000 - 0x00007ffb68319000 	C:\Program Files\Android\Android Studio\jre\jre\bin\java.dll
0x00007ffb6f310000 - 0x00007ffb6f326000 	C:\Program Files\Android\Android Studio\jre\jre\bin\zip.dll
0x00007ffb79100000 - 0x00007ffb7a623000 	C:\Windows\system32\SHELL32.dll
0x00007ffb77c20000 - 0x00007ffb78249000 	C:\Windows\system32\windows.storage.dll
0x00007ffb7a640000 - 0x00007ffb7a8bc000 	C:\Windows\system32\combase.dll
0x00007ffb788d0000 - 0x00007ffb78921000 	C:\Windows\system32\shlwapi.dll
0x00007ffb77a50000 - 0x00007ffb77a5f000 	C:\Windows\system32\kernel.appcore.dll
0x00007ffb77a60000 - 0x00007ffb77b13000 	C:\Windows\system32\shcore.dll
0x00007ffb779e0000 - 0x00007ffb77a2a000 	C:\Windows\system32\powrprof.dll
0x00007ffb779c0000 - 0x00007ffb779d3000 	C:\Windows\system32\profapi.dll
0x00007ffb68290000 - 0x00007ffb682aa000 	C:\Program Files\Android\Android Studio\jre\jre\bin\net.dll
0x00007ffb6bc00000 - 0x00007ffb6bd97000 	C:\Windows\SYSTEM32\urlmon.dll
0x00007ffb70b30000 - 0x00007ffb70eae000 	C:\Windows\SYSTEM32\iertutil.dll
0x00007ffb77400000 - 0x00007ffb7740b000 	C:\Windows\SYSTEM32\CRYPTBASE.dll
0x00007ffb77810000 - 0x00007ffb7787b000 	C:\Windows\SYSTEM32\bcryptPrimitives.dll
0x00007ffb77230000 - 0x00007ffb7728d000 	C:\Windows\system32\mswsock.dll
0x00007ffb68270000 - 0x00007ffb68283000 	C:\Program Files\Android\Android Studio\jre\jre\bin\nio.dll
0x00007ffb5e3b0000 - 0x00007ffb5e3d6000 	C:\Users\user\.gradle\native\30\windows-amd64\native-platform.dll
0x00007ffb6f300000 - 0x00007ffb6f30d000 	C:\Program Files\Android\Android Studio\jre\jre\bin\management.dll
0x00007ffb77290000 - 0x00007ffb772a7000 	C:\Windows\SYSTEM32\CRYPTSP.dll
0x00007ffb77500000 - 0x00007ffb77528000 	C:\Windows\SYSTEM32\bcrypt.dll
0x00007ffb76ee0000 - 0x00007ffb76f13000 	C:\Windows\system32\rsaenh.dll
0x00007ffb76fd0000 - 0x00007ffb76fef000 	C:\Windows\SYSTEM32\USERENV.dll
0x00007ffb75460000 - 0x00007ffb75498000 	C:\Windows\SYSTEM32\IPHLPAPI.DLL
0x00007ffb752f0000 - 0x00007ffb752fb000 	C:\Windows\SYSTEM32\WINNSI.DLL
0x00007ffb72f50000 - 0x00007ffb72f66000 	C:\Windows\SYSTEM32\dhcpcsvc6.DLL
0x00007ffb72f30000 - 0x00007ffb72f4a000 	C:\Windows\SYSTEM32\dhcpcsvc.DLL
0x00007ffb681d0000 - 0x00007ffb681f4000 	C:\Program Files\Android\Android Studio\jre\jre\bin\sunec.dll
0x00007ffb77030000 - 0x00007ffb770d8000 	C:\Windows\SYSTEM32\DNSAPI.dll
0x00007ffb6d850000 - 0x00007ffb6d85a000 	C:\Windows\System32\rasadhlp.dll
0x00007ffb6fa60000 - 0x00007ffb6fac8000 	C:\Windows\System32\fwpuclnt.dll
0x00007ffb69720000 - 0x00007ffb6972b000 	C:\Program Files\Android\Android Studio\jre\jre\bin\sunmscapi.dll
0x00007ffb782b0000 - 0x00007ffb78471000 	C:\Windows\system32\CRYPT32.dll
0x00007ffb77a30000 - 0x00007ffb77a41000 	C:\Windows\system32\MSASN1.dll

VM Arguments:
jvm_args: -Xmx1536m -Dfile.encoding=windows-1252 -Duser.country=US -Duser.language=en -Duser.variant 
java_command: org.gradle.launcher.daemon.bootstrap.GradleDaemon 5.6.4
java_class_path (initial): C:\Users\user\.gradle\wrapper\dists\gradle-5.6.4-all\ankdp27end7byghfw1q2sw75f\gradle-5.6.4\lib\gradle-launcher-5.6.4.jar
Launcher Type: SUN_STANDARD

Environment Variables:
JAVA_HOME=C:\Program Files\Java\jdk1.8.0_231
PATH=C:\Windows\system32;C:\Windows;C:\Windows\System32\Wbem;C:\Windows\System32\WindowsPowerShell\v1.0\;C:\Program Files\Java\jdk-11.0.2\bin;C:\Program Files\Java\jdk1.8.0_231\bin;C:\Users\user\AppData\Local\Programs\Python\Python38;C:\Program Files\Git\cmd;C:\Program Files\Java\jdk-11.0.2\bin;C:\Program Files\Java\jdk1.8.0_231\bin;%DASHLANE_DLL_DIR%
USERNAME=JUST
OS=Windows_NT
PROCESSOR_IDENTIFIER=Intel64 Family 6 Model 69 Stepping 1, GenuineIntel



---------------  S Y S T E M  ---------------

OS: Windows 10.0 , 64 bit Build 10240 (10.0.10240.17113)

CPU:total 4 (initial active 4) (2 cores per cpu, 2 threads per core) family 6 model 69 stepping 1, cmov, cx8, fxsr, mmx, sse, sse2, sse3, ssse3, sse4.1, sse4.2, popcnt, avx, avx2, aes, clmul, erms, lzcnt, ht, tsc, tscinvbit, bmi1, bmi2

Memory: 4k page, physical 3874620k(334200k free), swap 5275452k(1168k free)

vm_info: OpenJDK 64-Bit Server VM (25.212-b04) for windows-amd64 JRE (1.8.0_212-release-1586-b04), built by "builder" with MS VC++ 10.0 (VS2010)

time: Thu Jun 04 19:30:39 2020
timezone: E. Africa Standard Time
elapsed time: 5205 seconds (0d 1h 26m 45s)

